Begin Incremental Netlisting Mar 23 12:42:45 2023
End netlisting Mar 23 12:42:45 2023
Begin Incremental Netlisting Mar 23 12:43:52 2023
End netlisting Mar 23 12:43:52 2023
Begin Incremental Netlisting Mar 23 12:46:44 2023
End netlisting Mar 23 12:46:44 2023
Begin Incremental Netlisting Mar 23 12:48:27 2023
End netlisting Mar 23 12:48:27 2023
Begin Incremental Netlisting Mar 23 12:50:15 2023
End netlisting Mar 23 12:50:15 2023
Begin Incremental Netlisting Mar 23 12:51:18 2023
End netlisting Mar 23 12:51:18 2023
Begin Incremental Netlisting Mar 23 12:51:59 2023
End netlisting Mar 23 12:51:59 2023
Begin Incremental Netlisting Mar 23 12:52:35 2023
End netlisting Mar 23 12:52:35 2023
Begin Incremental Netlisting Mar 23 12:54:16 2023
End netlisting Mar 23 12:54:16 2023
Begin Incremental Netlisting Mar 23 12:54:59 2023
End netlisting Mar 23 12:54:59 2023
Begin Incremental Netlisting Mar 23 12:56:23 2023
End netlisting Mar 23 12:56:23 2023
Begin Incremental Netlisting Mar 23 12:57:23 2023
End netlisting Mar 23 12:57:23 2023
Begin Incremental Netlisting Mar 23 12:59:02 2023
ERROR (OSSHNL-109): The cellview 'Design/DFFSimulated/schematic' has been
modified since the last extraction. Validate
that the schematic is correct and
run Check and Save to correct this error.

End netlisting Mar 23 12:59:02 2023
Begin Incremental Netlisting Mar 23 12:59:26 2023
ERROR (OSSHNL-109): The cellview 'Design/DFFSimulated/schematic' has been
modified since the last extraction. Validate
that the schematic is correct and
run Check and Save to correct this error.

End netlisting Mar 23 12:59:26 2023
Begin Incremental Netlisting Mar 23 12:59:44 2023
End netlisting Mar 23 12:59:44 2023
Begin Incremental Netlisting Mar 23 13:00:33 2023
End netlisting Mar 23 13:00:33 2023
