
Cadence Innovus(TM) Implementation System.
Copyright 2018 Cadence Design Systems, Inc. All rights reserved worldwide.

Version:	v18.10-p002_1, built Tue May 29 19:19:55 PDT 2018
Options:	
Date:		Wed Mar 29 22:39:51 2023
Host:		n02-hera.olympus.ece.tamu.edu (x86_64 w/Linux 3.10.0-1160.80.1.el7.x86_64) (10cores*40cpus*Intel(R) Xeon(R) CPU E5-2650 v3 @ 2.30GHz 25600KB)
OS:		CentOS Linux release 7.9.2009 (Core)

License:
		invs	Innovus Implementation System	18.1	checkout succeeded
		8 CPU jobs allowed with the current license(s). Use setMultiCpuUsage to set your required CPU count.
Change the soft stacksize limit to 0.2%RAM (1031 mbytes). Set global soft_stack_size_limit to change the value.

**INFO:  MMMC transition support version v31-84 

<CMD> set_global _enable_mmmc_by_default_flow      $CTE::mmmc_default
<CMD> suppressMessage ENCEXT-2799
<CMD> win
wrong # args: should be "set varName ?newValue?"
In 14.* and later releases assign nets are handled natively in Innovus. 'set init_assign_buffer {1 -buffer }' will no longer convert assigns to buffers. 'set init_remove_assigns 1' can be used in addition to 'set init_assign_buffer {1 -buffer }' if this conversion is needed. Alternatively, 'remove_assigns' command can be used to remove assign nets in the design without adding buffers.
**WARN: (IMPSYC-6163):	Command 'setDoAssign' is obsolete and will be made private and will be unsupported in future release. To avoid this warning, please remove the obsolete command from your script.
**ERROR: (IMPSYT-16088):	Specify the name of Library Set.

--------------------------------------------------------------------------------
Exiting Innovus on Wed Mar 29 22:49:28 2023
  Total CPU time:     0:01:05
  Total real time:    0:09:38
  Peak memory (main): 496.01MB


*** Memory Usage v#1 (Current mem = 587.543M, initial mem = 251.492M) ***
*** Message Summary: 1 warning(s), 2 error(s)

--- Ending "Innovus" (totcpu=0:01:06, real=0:09:37, mem=587.5M) ---
